{"/home/winvi/workspace/eoi-testing/EOI_typescript-jest/src/constants.ts": {"path":"/home/winvi/workspace/eoi-testing/EOI_typescript-jest/src/constants.ts","statementMap":{"0":{"start":{"line":2,"column":0},"end":{"line":2,"column":62}},"1":{"start":{"line":3,"column":0},"end":{"line":3,"column":68}},"2":{"start":{"line":4,"column":0},"end":{"line":4,"column":64}},"3":{"start":{"line":5,"column":0},"end":{"line":5,"column":59}}},"fnMap":{},"branchMap":{},"s":{"0":1,"1":1,"2":1,"3":1},"f":{},"b":{},"_coverageSchema":"1a1c01bbd47fc00a2c39e90264f33305004495a9","hash":"fe2a45b5a6405da61bc5f7dae80366984998965d"}
,"/home/winvi/workspace/eoi-testing/EOI_typescript-jest/src/math-operators.ts": {"path":"/home/winvi/workspace/eoi-testing/EOI_typescript-jest/src/math-operators.ts","statementMap":{"0":{"start":{"line":2,"column":0},"end":{"line":2,"column":62}},"1":{"start":{"line":3,"column":0},"end":{"line":3,"column":68}},"2":{"start":{"line":4,"column":21},"end":{"line":4,"column":44}},"3":{"start":{"line":5,"column":42},"end":{"line":5,"column":86}},"4":{"start":{"line":6,"column":12},"end":{"line":14,"column":1}},"5":{"start":{"line":7,"column":4},"end":{"line":7,"column":39}},"6":{"start":{"line":8,"column":19},"end":{"line":8,"column":24}},"7":{"start":{"line":9,"column":4},"end":{"line":9,"column":83}},"8":{"start":{"line":10,"column":26},"end":{"line":10,"column":82}},"9":{"start":{"line":11,"column":4},"end":{"line":12,"column":29}},"10":{"start":{"line":12,"column":8},"end":{"line":12,"column":29}},"11":{"start":{"line":13,"column":4},"end":{"line":13,"column":18}},"12":{"start":{"line":15,"column":0},"end":{"line":15,"column":18}},"13":{"start":{"line":16,"column":12},"end":{"line":19,"column":1}},"14":{"start":{"line":17,"column":4},"end":{"line":17,"column":39}},"15":{"start":{"line":18,"column":4},"end":{"line":18,"column":17}},"16":{"start":{"line":20,"column":0},"end":{"line":20,"column":18}},"17":{"start":{"line":21,"column":17},"end":{"line":24,"column":1}},"18":{"start":{"line":22,"column":4},"end":{"line":22,"column":39}},"19":{"start":{"line":23,"column":4},"end":{"line":23,"column":17}},"20":{"start":{"line":25,"column":0},"end":{"line":25,"column":28}},"21":{"start":{"line":26,"column":12},"end":{"line":29,"column":1}},"22":{"start":{"line":27,"column":4},"end":{"line":27,"column":39}},"23":{"start":{"line":28,"column":4},"end":{"line":28,"column":17}},"24":{"start":{"line":30,"column":0},"end":{"line":30,"column":18}}},"fnMap":{"0":{"name":"(anonymous_0)","decl":{"start":{"line":6,"column":12},"end":{"line":6,"column":13}},"loc":{"start":{"line":6,"column":22},"end":{"line":14,"column":1}},"line":6},"1":{"name":"(anonymous_1)","decl":{"start":{"line":16,"column":12},"end":{"line":16,"column":13}},"loc":{"start":{"line":16,"column":22},"end":{"line":19,"column":1}},"line":16},"2":{"name":"(anonymous_2)","decl":{"start":{"line":21,"column":17},"end":{"line":21,"column":18}},"loc":{"start":{"line":21,"column":27},"end":{"line":24,"column":1}},"line":21},"3":{"name":"(anonymous_3)","decl":{"start":{"line":26,"column":12},"end":{"line":26,"column":13}},"loc":{"start":{"line":26,"column":22},"end":{"line":29,"column":1}},"line":26}},"branchMap":{"0":{"loc":{"start":{"line":11,"column":4},"end":{"line":12,"column":29}},"type":"if","locations":[{"start":{"line":11,"column":4},"end":{"line":12,"column":29}},{"start":{},"end":{}}],"line":11}},"s":{"0":1,"1":1,"2":1,"3":1,"4":1,"5":5,"6":4,"7":4,"8":2,"9":2,"10":1,"11":1,"12":1,"13":1,"14":2,"15":1,"16":1,"17":1,"18":2,"19":1,"20":1,"21":1,"22":4,"23":3,"24":1},"f":{"0":5,"1":2,"2":2,"3":4},"b":{"0":[1,1]},"_coverageSchema":"1a1c01bbd47fc00a2c39e90264f33305004495a9","hash":"3270861532ee1c43a8296d468bad50d7b5d03241"}
}
